2026-04-03 11:17:36.884 +00:00 [INF] hooked
2026-04-03 11:17:36.918 +00:00 [INF] {}
2026-04-03 11:18:32.579 +00:00 [INF] hooked
2026-04-03 11:18:32.608 +00:00 [INF] {}
2026-04-03 11:19:04.154 +00:00 [INF] hooked
2026-04-03 11:19:04.155 +00:00 [INF] {}
2026-04-03 11:24:02.780 +00:00 [INF] hooked
2026-04-03 11:24:02.814 +00:00 [INF] {"test":null}
2026-04-03 11:24:20.241 +00:00 [INF] hooked
2026-04-03 11:24:20.242 +00:00 [INF] {"test":null}
2026-04-03 11:25:09.861 +00:00 [INF] hooked
2026-04-03 11:25:09.895 +00:00 [INF] {"test":null}
2026-04-03 11:25:43.950 +00:00 [INF] hooked
2026-04-03 11:25:43.989 +00:00 [INF] {"test":"tasdestg"}
2026-04-03 11:43:35.867 +00:00 [INF] hooked
2026-04-03 11:43:35.877 +00:00 [INF] {"test":"tasdestg"}
2026-04-03 11:44:25.246 +00:00 [INF] hooked
2026-04-03 11:44:25.284 +00:00 [INF] null
2026-04-03 11:45:09.568 +00:00 [INF] hooked
2026-04-03 11:45:09.607 +00:00 [INF] null
2026-04-03 11:45:40.795 +00:00 [INF] hooked
2026-04-03 11:45:40.828 +00:00 [INF] {"ValueKind":1}
2026-04-03 11:48:49.021 +00:00 [INF] hooked
2026-04-03 11:48:49.140 +00:00 [INF] null
2026-04-03 11:51:20.334 +00:00 [INF] hooked
2026-04-03 11:51:20.367 +00:00 [INF] null
2026-04-03 11:53:20.475 +00:00 [INF] hooked
2026-04-03 11:53:20.531 +00:00 [INF] null
2026-04-03 11:53:51.168 +00:00 [INF] hooked
2026-04-03 11:53:51.213 +00:00 [INF] {"destination":"xxxxxxxxxx"}
2026-04-03 11:54:42.274 +00:00 [INF] hooked
2026-04-03 11:54:42.322 +00:00 [INF] {"destination":"xxxxxxxxxx","events":[{"ValueKind":1}]}
2026-04-03 11:55:27.560 +00:00 [INF] hooked
2026-04-03 11:55:27.602 +00:00 [INF] null
2026-04-03 11:56:22.601 +00:00 [INF] hooked
2026-04-03 11:56:22.637 +00:00 [INF] null
2026-04-03 11:57:58.405 +00:00 [INF] hooked
2026-04-03 11:57:58.437 +00:00 [INF] {"destination":"xxxxxxxxxx","events":[{"mode":"active"}]}
2026-04-03 11:59:01.422 +00:00 [INF] hooked
2026-04-03 11:59:01.454 +00:00 [INF] {"destination":"xxxxxxxxxx","events":[{"Mode":"active"}]}
2026-04-03 11:59:28.822 +00:00 [INF] hooked
2026-04-03 11:59:28.863 +00:00 [INF] null
2026-04-03 11:59:30.260 +00:00 [INF] hooked
2026-04-03 11:59:30.261 +00:00 [INF] null
2026-04-03 11:59:48.731 +00:00 [INF] hooked
2026-04-03 11:59:48.767 +00:00 [INF] {"destination":"xxxxxxxxxx","events":[{"Type":"message","Mode":"active"}]}
2026-04-03 12:00:46.263 +00:00 [INF] hooked
2026-04-03 12:00:46.294 +00:00 [INF] {"destination":"xxxxxxxxxx","events":[{"Type":"message","Message":{"Type":"text","Id":"468789577898262530","Text":"Chicken, please."},"TimeStamp":1692251666727,"Source":{"Type":"group","UserId":"U4af4980629...","GroupId":"Ca56f94637c..."},"replytoken":"38ef843bde154d9b91c21320ffd17a0f","Mode":"active","webhookeventid":"01H810YECXQQZ37VAXPF6H9E6T","DeliveryContext":{"IsRedelivery":false}}]}
2026-04-03 12:01:37.273 +00:00 [INF] hooked
2026-04-03 12:01:37.274 +00:00 [INF] {"destination":"xxxxxxxxxx","events":[{"Type":"message","Message":{"Type":"text","Id":"468789577898262530","Text":"Chicken, please."},"TimeStamp":1692251666727,"Source":{"Type":null,"UserId":"U4af4980629...","GroupId":"Ca56f94637c..."},"replytoken":"38ef843bde154d9b91c21320ffd17a0f","Mode":"active","webhookeventid":"01H810YECXQQZ37VAXPF6H9E6T","DeliveryContext":{"IsRedelivery":false}}]}
2026-04-03 12:34:25.210 +00:00 [ERR] Invalid secret environment variable
2026-04-03 12:36:00.149 +00:00 [ERR] Invalid secret environment variable
2026-04-03 12:45:25.135 +00:00 [INF] Starting webhook
2026-04-03 12:45:25.269 +00:00 [INF] {"destination":"xxxxxxxxxx","events":[{"Type":"message","Message":{"Type":"text","Id":"468789577898262530","Text":"Chicken, please."},"TimeStamp":1692251666727,"Source":{"Type":null,"UserId":"U4af4980629...","GroupId":"Ca56f94637c..."},"replytoken":"38ef843bde154d9b91c21320ffd17a0f","Mode":"active","webhookeventid":"01H810YECXQQZ37VAXPF6H9E6T","DeliveryContext":{"IsRedelivery":false}}]}
2026-04-03 12:45:25.272 +00:00 [ERR] Invalid signature
2026-04-03 12:47:49.015 +00:00 [INF] Starting webhook
2026-04-03 12:47:49.146 +00:00 [INF] {"destination":"xxxxxxxxxx","events":[{"Type":"message","Message":{"Type":"text","Id":"468789577898262530","Text":"Chicken, please."},"TimeStamp":1692251666727,"Source":{"Type":null,"UserId":"U4af4980629...","GroupId":"Ca56f94637c..."},"replytoken":"38ef843bde154d9b91c21320ffd17a0f","Mode":"active","webhookeventid":"01H810YECXQQZ37VAXPF6H9E6T","DeliveryContext":{"IsRedelivery":false}}]}
2026-04-03 12:47:49.148 +00:00 [ERR] Invalid signature
2026-04-03 12:48:26.940 +00:00 [INF] Starting webhook
2026-04-03 12:48:27.089 +00:00 [INF] {"destination":"xxxxxxxxxx","events":[{"Type":"message","Message":{"Type":"text","Id":"468789577898262530","Text":"Chicken, please."},"TimeStamp":1692251666727,"Source":{"Type":null,"UserId":"U4af4980629...","GroupId":"Ca56f94637c..."},"replytoken":"38ef843bde154d9b91c21320ffd17a0f","Mode":"active","webhookeventid":"01H810YECXQQZ37VAXPF6H9E6T","DeliveryContext":{"IsRedelivery":false}}]}
2026-04-03 12:48:27.091 +00:00 [ERR] Invalid signature
2026-04-03 12:48:33.477 +00:00 [INF] Starting webhook
2026-04-03 12:48:33.479 +00:00 [INF] {"destination":"xxxxxxxxxx","events":[{"Type":"message","Message":{"Type":"text","Id":"468789577898262530","Text":"Chicken, please."},"TimeStamp":1692251666727,"Source":{"Type":null,"UserId":"U4af4980629...","GroupId":"Ca56f94637c..."},"replytoken":"38ef843bde154d9b91c21320ffd17a0f","Mode":"active","webhookeventid":"01H810YECXQQZ37VAXPF6H9E6T","DeliveryContext":{"IsRedelivery":false}}]}
2026-04-03 12:48:33.480 +00:00 [ERR] Invalid signature
2026-04-03 12:49:01.135 +00:00 [INF] Starting webhook
2026-04-03 12:49:01.276 +00:00 [INF] {"destination":"xxxxxxxxxx","events":[{"Type":"message","Message":{"Type":"text","Id":"468789577898262530","Text":"Chicken, please."},"TimeStamp":1692251666727,"Source":{"Type":null,"UserId":"U4af4980629...","GroupId":"Ca56f94637c..."},"replytoken":"38ef843bde154d9b91c21320ffd17a0f","Mode":"active","webhookeventid":"01H810YECXQQZ37VAXPF6H9E6T","DeliveryContext":{"IsRedelivery":false}}]}
2026-04-03 12:49:01.277 +00:00 [ERR] Invalid signature
2026-04-03 12:50:24.854 +00:00 [INF] Starting webhook
2026-04-03 12:50:25.000 +00:00 [INF] {"destination":"xxxxxxxxxx","events":[{"Type":"message","Message":{"Type":"text","Id":"468789577898262530","Text":"Chicken, please."},"TimeStamp":1692251666727,"Source":{"Type":null,"UserId":"U4af4980629...","GroupId":"Ca56f94637c..."},"replytoken":"38ef843bde154d9b91c21320ffd17a0f","Mode":"active","webhookeventid":"01H810YECXQQZ37VAXPF6H9E6T","DeliveryContext":{"IsRedelivery":false}}]}
2026-04-03 12:50:25.001 +00:00 [ERR] Happy
